C51 COMPILER V9.01   BLUETOOTH                                                             02/18/2022 20:27:46 PAGE 1   


C51 COMPILER V9.01, COMPILATION OF MODULE BLUETOOTH
OBJECT MODULE PLACED IN Bluetooth.obj
COMPILER INVOKED BY: E:\ruanjian\keil\C51\BIN\C51.EXE HARDWARE\Bluetooth.c BROWSE INCDIR(.\HARDWARE\1602;.\HARDWARE\OLED
                    -;.\HARDWARE;.\HARDWARE) DEBUG OBJECTEXTEND PRINT(.\Bluetooth.lst) OBJECT(Bluetooth.obj)

line level    source

   1          #include "Bluetooth.h"
   2          
   3          //void Bluetooth_Usart_Init()
   4          //{
   5          //      TMOD=0X20;               //定时器T1的工作方式2（8位初值自动重装的8位定时器/计数器）
   6          //      TH1=0xfd;                //T1定时器装初值（波特率为9600，初值为0xfd）
   7          //      TL1=0xfd;                //TH1,TL1需要一致
   8          //      TR1=1;                           //启动定时器1
   9          //      SCON=0x50;               //串行口控制寄存器0101 0000  
  10          //      PCON=0x00;               //电源管理寄存器
  11          //      EA=1;                    //开总中断  
  12          //      ES=1;                    //开串口中断 
  13          //      PS=1;
  14          //}
  15          void UartConfigurationInit()                    //用TIM2来做蓝牙
  16          {
  17   1              T2MOD = 0x01;   //自动重载
  18   1              T2CON = 0x30;   //T2用做发送接收时钟
  19   1              TH2 = 0xFF;     //9600波特率,11.0592Mhz晶振
  20   1              TL2 = 0xDC; 
  21   1              RCAP2H = 0xFF; 
  22   1              RCAP2L = 0xDC; 
  23   1              SCON = 0x50;    //串口方式1,1个起始位,1个停止位,8位数据，可变波特率
  24   1              PCON = 0X00;    //波特率不加倍
  25   1              TR2 = 1;                //启动T2 
  26   1              ES = 1;         //开串口中断
  27   1              EA = 1;         //开总中断
  28   1              PS=1;
  29   1      }
  30          void TIM1_()                     //想用定时器1去给颜色识别模块接受脉冲，脉冲口为P3^5
  31          {
  32   1              TMOD=0x51;        //T1计数 T0定时 工作方式1
  33   1              
  34   1              TH1=0x00;        //计数初值
  35   1              TL1=0x00;
  36   1              
  37   1              TH0=0xE0;
  38   1              TL0=0x00;        //11。0592M 晶振10ms
  39   1              EA=1;            //开中断
  40   1              
  41   1              ET0=1;        
  42   1              TR0=1;           //启动
  43   1              TR1=1;  
  44   1      }


MODULE INFORMATION:   STATIC OVERLAYABLE
   CODE SIZE        =     55    ----
   CONSTANT SIZE    =   ----    ----
   XDATA SIZE       =   ----    ----
   PDATA SIZE       =   ----    ----
   DATA SIZE        =   ----    ----
   IDATA SIZE       =   ----    ----
   BIT SIZE         =   ----    ----
C51 COMPILER V9.01   BLUETOOTH                                                             02/18/2022 20:27:46 PAGE 2   

END OF MODULE INFORMATION.


C51 COMPILATION COMPLETE.  0 WARNING(S),  0 ERROR(S)
