C51 COMPILER V9.01   DELAY                                                                 02/18/2022 20:27:46 PAGE 1   


C51 COMPILER V9.01, COMPILATION OF MODULE DELAY
OBJECT MODULE PLACED IN delay.obj
COMPILER INVOKED BY: E:\ruanjian\keil\C51\BIN\C51.EXE HARDWARE\delay.c BROWSE INCDIR(.\HARDWARE\1602;.\HARDWARE\OLED;.\H
                    -ARDWARE;.\HARDWARE) DEBUG OBJECTEXTEND PRINT(.\delay.lst) OBJECT(delay.obj)

line level    source

   1          #include "delay.h"
   2          void delay(unsigned int k)      
   3          {                                               
   4   1              unsigned int i,j;                               
   5   1              for(i=0;i<k;i++)
   6   1              {                       
   7   2              for(j=0;j<121;j++)                      
   8   2              {;}
   9   2              }                                               
  10   1      }


MODULE INFORMATION:   STATIC OVERLAYABLE
   CODE SIZE        =     32    ----
   CONSTANT SIZE    =   ----    ----
   XDATA SIZE       =   ----    ----
   PDATA SIZE       =   ----    ----
   DATA SIZE        =   ----    ----
   IDATA SIZE       =   ----    ----
   BIT SIZE         =   ----    ----
END OF MODULE INFORMATION.


C51 COMPILATION COMPLETE.  0 WARNING(S),  0 ERROR(S)
