C51 COMPILER V9.01   MAIN                                                                  02/18/2022 20:31:13 PAGE 1   


C51 COMPILER V9.01, COMPILATION OF MODULE MAIN
OBJECT MODULE PLACED IN main.obj
COMPILER INVOKED BY: E:\ruanjian\keil\C51\BIN\C51.EXE USER\main.c BROWSE INCDIR(.\HARDWARE\1602;.\HARDWARE\OLED;.\HARDWA
                    -RE;.\HARDWARE) DEBUG OBJECTEXTEND PRINT(.\main.lst) OBJECT(main.obj)

line level    source

   1          #include "sys.h"
   2          #include "1602_LCD.h"
   3          #include "Bluetooth.h"
   4          #include "motor.h"
   5          #include "Timer.h"
   6          #include "RGB.h"
   7          #include "delay.h"
   8          void dat_deal_with(uchar receive);
   9          void delay(unsigned int k)      ;
  10          void compare_choice(uint temp);
  11          void display_RGB();
  12          sbit guangmin=P2^0;
  13          sbit key=P1^5;                                  
  14          uchar jd,receive=0;
  15          //显示数组
  16          uchar flag=0;//避障标志位 
  17          void main()
  18          {
  19   1              dianji =1;
  20   1              yanse =0;
  21   1              jd=0;
  22   1              beep=1; 
  23   1              R_LED=0;
  24   1              G_LED=0;
  25   1              B_LED=0;
  26   1               parameter_Init();
  27   1      //      Init_Lcd();             //1602初始化
  28   1              motor_Init();   //电机初始化
  29   1              Time0_Init();   //定时器1初始化 （电机PWM驱动）
  30   1      //      LCD_write_command(0x01);
  31   1      //      Write_LCD(1, 0, "Ready!");
  32   1              dianji =1;
  33   1              yanse =0;
  34   1              TIM1_();
  35   1      //      Time2_Init();
  36   1              UartConfigurationInit() ;  //打开他就是设置定时器2为中断，需要把定时器一关闭（Bluetooth_Usart_Init） 中断
             -优先级设置为4
  37   1      //      Bluetooth_Usart_Init(); //蓝牙串口初始化
  38   1      //      TR0=0;                                  //关闭定时器
  39   1                      flag=0;
  40   1              while(1)
  41   1              {
  42   2              PWM_1 =100;      
  43   2              motor_IN3_1=1;
  44   2              motor_IN4_1=0;
  45   2                      dianji =1;
  46   2      //              display_RGB();                   //显示RGB值
  47   2              }
  48   1      }
  49           
  50          void Time0_Int()interrupt 1
  51          {
  52   1              
  53   1              uchar beep_ON_OFF=0;
C51 COMPILER V9.01   MAIN                                                                  02/18/2022 20:31:13 PAGE 2   

  54   1              if(dianji==1)
  55   1      {
  56   2              TH0 = 0xff;                       //ff aF 0.1ms
  57   2              TL0 = 0xa4;
  58   2              if(jd<PWM_1)    motor_PWM_1=1;
  59   2              else                    motor_PWM_1=0;
  60   2      
  61   2              if(jd<PWM_2)    motor_PWM_2=1;
  62   2              else                    motor_PWM_2=0;
  63   2      
  64   2              if(jd<PWM_3)    motor_PWM_3=1;
  65   2              else                    motor_PWM_3=0;
  66   2      
  67   2              if(jd<PWM_4)    motor_PWM_4=1;
  68   2              else                    motor_PWM_4=0;
  69   2      
  70   2      //      if(guangmin==0&&flag==0)                          //当识别到有物体的时候，往后退一下用后退可解除停止
  71   2      //      {
  72   2      //              motor_Set();
  73   2      //              beep_ON_OFF=1;
  74   2      //              delay(100);
  75   2      //              motor_Stop();
  76   2      //              beep=~beep;
  77   2      //      }else beep=1;
  78   2              jd = (jd+1);
  79   2              jd = jd%200;
  80   2         }
  81   1      
  82   1      //   if(yanse==1)                                               //颜色识别
  83   1      //   {
  84   1      //               Color_recognition();
  85   1      //      }
  86   1      
  87   1      }  
  88          void Bluetooth_Usart() interrupt 4      //中断函数
  89          {
  90   1              RI = 0;                 
  91   1              receive=SBUF;
  92   1              dat_deal_with(receive);         //处理蓝牙接受的数据
  93   1      
  94   1      //      TI=0;                                     //清除发送完成标志位
  95   1      //      while(!TI);                           //等待发送数据完成
  96   1      
  97   1      }
  98          void dat_deal_with(uchar receive)
  99          {
 100   1      
 101   1              if(receive=='1')                        //前进
 102   1              {
 103   2                      motor_Up();
 104   2                      flag=0;
 105   2                              
 106   2               }      
 107   1              else if(receive=='2')                   //后退
 108   1              {
 109   2                      motor_Set();
 110   2                      flag=1; 
 111   2               }
 112   1              else if(receive=='3')                   //停止
 113   1              {
 114   2                      motor_Stop();
 115   2               }
C51 COMPILER V9.01   MAIN                                                                  02/18/2022 20:31:13 PAGE 3   

 116   1               else if(receive=='4')                  //左转
 117   1              {
 118   2                      motor_Left();   
 119   2               }
 120   1               else if(receive=='5')                  //右转
 121   1              {
 122   2                      motor_Right();  
 123   2               }
 124   1               else if(receive=='6')
 125   1               {
 126   2                      speed=50;                                         //一档
 127   2               }
 128   1               else if(receive=='7')
 129   1               {
 130   2                      speed=100;                                        //二档
 131   2               }
 132   1               else if(receive=='8')
 133   1               {
 134   2                      speed=200;                                        //三档
 135   2               }
 136   1               else if(receive == '9')
 137   1               {
 138   2                      motor_round_Left();                             //原地左转
 139   2               }
 140   1               else if(receive == ':')
 141   1               {
 142   2                      motor_round_Right();               //原地右转
 143   2               }
 144   1               else if(receive == '!')
 145   1               {
 146   2                       dianji =0;
 147   2                      yanse =1;
 148   2               }
 149   1              
 150   1      }
 151                  
 152          
 153          
 154          
 155          void display_RGB()
 156          {               DisplayOneChar(9, 0, 'B');
 157   1                      DisplayOneChar(11, 0, disp_R[0]); 
 158   1                      DisplayOneChar(12, 0, disp_R[1]); 
 159   1                      DisplayOneChar(13, 0, disp_R[2]);
 160   1                      DisplayOneChar(15, 0, flag_R);
 161   1      
 162   1                      DisplayOneChar(0, 1, 'R');
 163   1                      DisplayOneChar(2, 1, disp_G[0]); 
 164   1                      DisplayOneChar(3, 1, disp_G[1]); 
 165   1                      DisplayOneChar(4, 1, disp_G[2]);
 166   1                      DisplayOneChar(6, 1, flag_G);
 167   1      
 168   1                      DisplayOneChar(9, 1, 'G');
 169   1                      DisplayOneChar(11, 1, disp_B[0]); 
 170   1                      DisplayOneChar(12, 1, disp_B[1]); 
 171   1                      DisplayOneChar(13, 1, disp_B[2]);  
 172   1                      DisplayOneChar(15, 1, flag_B);
 173   1      }
 174          
 175                  
 176          

C51 COMPILER V9.01   MAIN                                                                  02/18/2022 20:31:13 PAGE 4   


MODULE INFORMATION:   STATIC OVERLAYABLE
   CODE SIZE        =    449    ----
   CONSTANT SIZE    =   ----    ----
   XDATA SIZE       =   ----    ----
   PDATA SIZE       =   ----    ----
   DATA SIZE        =      3       2
   IDATA SIZE       =   ----    ----
   BIT SIZE         =   ----    ----
END OF MODULE INFORMATION.


C51 COMPILATION COMPLETE.  0 WARNING(S),  0 ERROR(S)
