C51 COMPILER V9.01   MOTOR                                                                 02/18/2022 20:27:46 PAGE 1   


C51 COMPILER V9.01, COMPILATION OF MODULE MOTOR
OBJECT MODULE PLACED IN motor.obj
COMPILER INVOKED BY: E:\ruanjian\keil\C51\BIN\C51.EXE HARDWARE\motor.c BROWSE INCDIR(.\HARDWARE\1602;.\HARDWARE\OLED;.\H
                    -ARDWARE;.\HARDWARE) DEBUG OBJECTEXTEND PRINT(.\motor.lst) OBJECT(motor.obj)

line level    source

   1          #include "motor.h"
   2          uchar PWM_1 =50,PWM_2 =50,PWM_3 =50,PWM_4 =50,speed=50;//初速度
   3          
   4          void motor_Init()                  //初始化
   5          {
   6   1              motor_PWM_1=0;                  //低电平停车
   7   1              motor_PWM_2=0;
   8   1              motor_PWM_3=0;
   9   1              motor_PWM_4=0;
  10   1              motor_IN1_2=1;                  //前进方向
  11   1              motor_IN2_2=0;
  12   1              motor_IN3_1=1;
  13   1              motor_IN4_1=0;
  14   1              motor_IN1_3=0;                  //前进方向
  15   1              motor_IN2_3=1;
  16   1              motor_IN3_4=0;
  17   1              motor_IN4_4=1;
  18   1              PWM_1 = 0;
  19   1              PWM_3 = 0;
  20   1              PWM_2 = 0;
  21   1              PWM_4 = 0;
  22   1      }
  23          
  24          void  motor_Up()                        //前进
  25          {
  26   1              TR0=1;
  27   1              PWM_1 =speed;
  28   1              PWM_2 =speed;
  29   1              PWM_3 =speed;
  30   1              PWM_4 =speed;
  31   1              motor_IN1_2=1;          //往前转
  32   1              motor_IN2_2=0;
  33   1              motor_IN3_1=1;
  34   1              motor_IN4_1=0;
  35   1              motor_IN1_3=0;          //往前转
  36   1              motor_IN2_3=1;
  37   1              motor_IN3_4=0;
  38   1              motor_IN4_4=1;          //往前转
  39   1      }
  40          void motor_Stop()                        //停止
  41          {
  42   1              TR0=1;
  43   1              PWM_1 =0;
  44   1              PWM_2 =0;
  45   1              PWM_3 =0;
  46   1              PWM_4 =0;
  47   1              motor_IN1_2=0;          //前进方向
  48   1              motor_IN2_2=0;
  49   1              motor_IN3_1=0;
  50   1              motor_IN4_1=0;
  51   1              motor_IN1_3=0;          
  52   1              motor_IN2_3=0;
  53   1              motor_IN3_4=0;
  54   1              motor_IN4_4=0;
C51 COMPILER V9.01   MOTOR                                                                 02/18/2022 20:27:46 PAGE 2   

  55   1              motor_PWM_1=0;                  //低电平停车
  56   1              motor_PWM_2=0;
  57   1              motor_PWM_3=0;                  //低电平停车
  58   1              motor_PWM_4=0;
  59   1      }
  60          
  61          void  motor_Set()                       //后退
  62          {
  63   1              TR0=1;
  64   1              PWM_1 =125;
  65   1              PWM_2 =125;
  66   1              PWM_3 =125;
  67   1              PWM_4 =125;
  68   1              motor_IN1_2=0;                  //往后转
  69   1              motor_IN2_2=1;
  70   1              motor_IN3_1=0;
  71   1              motor_IN4_1=1;
  72   1              motor_IN1_3=1;          
  73   1              motor_IN2_3=0;
  74   1              motor_IN3_4=1;
  75   1              motor_IN4_4=0;
  76   1      }
  77          
  78          void motor_Left()                        //向左转
  79          {
  80   1              TR0=1;
  81   1              //左排轮
  82   1              PWM_1 = 25;
  83   1              PWM_3 = 25;
  84   1              //右排轮
  85   1              PWM_2 = 125;
  86   1              PWM_4 = 125;
  87   1              //右前轮
  88   1              motor_IN1_2=1;                   //往前转
  89   1              motor_IN2_2=0;
  90   1              //左前轮
  91   1              motor_IN3_1=1;                   //往前转
  92   1              motor_IN4_1=0;
  93   1              //后左轮
  94   1              motor_IN1_3=0;                   //往前转
  95   1              motor_IN2_3=1;
  96   1              //后右轮
  97   1              motor_IN3_4=0;                   //往前转
  98   1              motor_IN4_4=1;
  99   1      }
 100          void motor_Right()                       //向右转
 101          {
 102   1              TR0=1;
 103   1              //左排轮
 104   1              PWM_1 = 125;
 105   1              PWM_3 = 125;
 106   1              //右排轮
 107   1              PWM_2 = 25;
 108   1              PWM_4 = 25;
 109   1              //右前轮
 110   1              motor_IN1_2=1;          
 111   1              motor_IN2_2=0;                    //往前转
 112   1              //左前轮
 113   1              motor_IN3_1=1;                    
 114   1              motor_IN4_1=0;                    //往前转
 115   1              //后左轮
 116   1              motor_IN1_3=0;  
C51 COMPILER V9.01   MOTOR                                                                 02/18/2022 20:27:46 PAGE 3   

 117   1              motor_IN2_3=1;                    //往前转
 118   1              //后右轮
 119   1              motor_IN3_4=0;                    
 120   1              motor_IN4_4=1;                    //往前转
 121   1      }
 122          
 123          void motor_round_Right()          //原地右转
 124          {
 125   1              TR0=1;
 126   1              //左排轮
 127   1              PWM_1 = 100;
 128   1              PWM_3 = 100;
 129   1              //右排轮
 130   1              PWM_2 = 100;
 131   1              PWM_4 = 100;
 132   1              //右前轮
 133   1              motor_IN1_2=0;          
 134   1              motor_IN2_2=1;                    //往后转
 135   1              //左前轮
 136   1              motor_IN3_1=1;
 137   1              motor_IN4_1=0;                    //往前转
 138   1              //后左轮
 139   1              motor_IN1_3=0;  
 140   1              motor_IN2_3=1;                   //往前转
 141   1              //后右轮
 142   1              motor_IN3_4=1;  
 143   1              motor_IN4_4=0;                   //往后转  
 144   1      }
 145          void motor_round_Left()          //原地左转
 146          {
 147   1              TR0=1;
 148   1              //左排轮
 149   1              PWM_1 = 100;
 150   1              PWM_3 = 100;
 151   1              //右排轮
 152   1              PWM_2 = 100;
 153   1              PWM_4 = 100;
 154   1              //右前轮
 155   1              motor_IN1_2=1;             //往前转
 156   1              motor_IN2_2=0;             
 157   1              //左前轮
 158   1              motor_IN3_1=0;             
 159   1              motor_IN4_1=1;             //往后转
 160   1              //后左轮
 161   1              motor_IN1_3=1;             
 162   1              motor_IN2_3=0;             //往后转
 163   1              //后右轮
 164   1              motor_IN3_4=0;             
 165   1              motor_IN4_4=1;             //往前转
 166   1      }


MODULE INFORMATION:   STATIC OVERLAYABLE
   CODE SIZE        =    256    ----
   CONSTANT SIZE    =   ----    ----
   XDATA SIZE       =   ----    ----
   PDATA SIZE       =   ----    ----
   DATA SIZE        =      5    ----
   IDATA SIZE       =   ----    ----
   BIT SIZE         =   ----    ----
END OF MODULE INFORMATION.


C51 COMPILATION COMPLETE.  0 WARNING(S),  0 ERROR(S)
