C51 COMPILER V9.01   TIMER                                                                 02/18/2022 20:27:46 PAGE 1   


C51 COMPILER V9.01, COMPILATION OF MODULE TIMER
OBJECT MODULE PLACED IN Timer.obj
COMPILER INVOKED BY: E:\ruanjian\keil\C51\BIN\C51.EXE HARDWARE\Timer.c BROWSE INCDIR(.\HARDWARE\1602;.\HARDWARE\OLED;.\H
                    -ARDWARE;.\HARDWARE) DEBUG OBJECTEXTEND PRINT(.\Timer.lst) OBJECT(Timer.obj)

line level    source

   1          #include "Timer.h"
   2          void Time0_Init()                                        //定时器初始化
   3          {
   4   1              TMOD = 0x01;
   5   1              IE = 0x82;
   6   1              TH0 = 0xff;                                              //周期0.1ms     200封顶
   7   1              TL0 = 0xa4;                                                                                                
   8   1              TR0=1;                                                   //开启中断
   9   1      }
  10          
  11          //void Time2_Init()                                      //定时器2初始化
  12          //{
  13          //      T2MOD=0x01;
  14          //      RCAP2H = 0x00;                  // 由原来的0xfc改成0x0c，增大延时时间，便于仿真查看效果；
  15          //      RCAP2L = 0x00;
  16          //      T2CON = 0x00;
  17          //      TH2 = RCAP2H;
  18          //      TL2 = RCAP2L;
  19          //      EA = 1;
  20          //      ET2 = 1;
  21          ////    TR2 = 1;
  22          //}


MODULE INFORMATION:   STATIC OVERLAYABLE
   CODE SIZE        =     15    ----
   CONSTANT SIZE    =   ----    ----
   XDATA SIZE       =   ----    ----
   PDATA SIZE       =   ----    ----
   DATA SIZE        =   ----    ----
   IDATA SIZE       =   ----    ----
   BIT SIZE         =   ----    ----
END OF MODULE INFORMATION.


C51 COMPILATION COMPLETE.  0 WARNING(S),  0 ERROR(S)
